=== 视频生成开始 (直接日志) ===
当前时间: 2025-12-17 14:34:13.930146
图片数量: 2
音频数量: 2
输出路径: C:\Users\23576\AppData\Local\Temp\ppt2video_test_r2toa16c\output_video.mp4
当前工作目录: C:\Users\23576\Desktop\demo
Python版本: 3.14.0 (tags/v3.14.0:ebf955d, Oct  7 2025, 10:15:03) [MSC v.1944 64 bit (AMD64)]
=== 开始视频编码 (直接日志) ===
  输出路径: C:\Users\23576\AppData\Local\Temp\ppt2video_test_r2toa16c\output_video.mp4
  开始编码时间: 2025-12-17 14:34:14.320902

--- 测试简单视频编码 ---
测试视频编码失败: cannot access local variable 'ColorClip' where it is not associated with a value

--- 编码主视频 ---
  视频时长: 22.12
  视频是否有音频: True
  输出路径: C:\Users\23576\AppData\Local\Temp\ppt2video_test_r2toa16c\output_video.mp4
  输出路径可写性测试通过
  视频文件写入完成 (直接日志)
  完成时间: 2025-12-17 14:34:37.756971
=== 视频生成开始 (直接日志) ===
当前时间: 2025-12-17 14:35:08.425240
图片数量: 2
音频数量: 2
输出路径: C:\Users\23576\AppData\Local\Temp\ppt2video_test_w7q19d38\output_video.mp4
当前工作目录: C:\Users\23576\Desktop\demo
Python版本: 3.14.0 (tags/v3.14.0:ebf955d, Oct  7 2025, 10:15:03) [MSC v.1944 64 bit (AMD64)]
=== 开始视频编码 (直接日志) ===
  输出路径: C:\Users\23576\AppData\Local\Temp\ppt2video_test_w7q19d38\output_video.mp4
  开始编码时间: 2025-12-17 14:35:08.816912

--- 测试简单视频编码 ---
测试视频成功！大小: 2339 字节

--- 编码主视频 ---
  视频时长: 22.12
  视频是否有音频: True
  输出路径: C:\Users\23576\AppData\Local\Temp\ppt2video_test_w7q19d38\output_video.mp4
  输出路径可写性测试通过
  视频文件写入完成 (直接日志)
  完成时间: 2025-12-17 14:35:32.673735
=== 视频生成开始 (直接日志) ===
当前时间: 2025-12-17 14:37:45.604009
图片数量: 2
音频数量: 2
输出路径: C:\Users\23576\AppData\Local\Temp\full_ppt2video_test_njk78zlx\output_video.mp4
当前工作目录: C:\Users\23576\Desktop\demo
Python版本: 3.14.0 (tags/v3.14.0:ebf955d, Oct  7 2025, 10:15:03) [MSC v.1944 64 bit (AMD64)]
=== 开始视频编码 (直接日志) ===
  输出路径: C:\Users\23576\AppData\Local\Temp\full_ppt2video_test_njk78zlx\output_video.mp4
  开始编码时间: 2025-12-17 14:37:46.014754

--- 测试简单视频编码 ---
测试视频成功！大小: 2339 字节

--- 编码主视频 ---
  视频时长: 22.12
  视频是否有音频: True
  输出路径: C:\Users\23576\AppData\Local\Temp\full_ppt2video_test_njk78zlx\output_video.mp4
  输出路径可写性测试通过
  视频文件写入完成 (直接日志)
  完成时间: 2025-12-17 14:38:11.064739
=== 视频生成开始 (直接日志) ===
当前时间: 2025-12-17 14:41:50.594865
图片数量: 2
音频数量: 2
输出路径: C:\Users\23576\AppData\Local\Temp\ppt2video_test_yj0u7ma0\test_output.mp4
当前工作目录: C:\Users\23576\Desktop\demo
Python版本: 3.14.0 (tags/v3.14.0:ebf955d, Oct  7 2025, 10:15:03) [MSC v.1944 64 bit (AMD64)]
=== 开始视频编码 (直接日志) ===
  输出路径: C:\Users\23576\AppData\Local\Temp\ppt2video_test_yj0u7ma0\test_output.mp4
  开始编码时间: 2025-12-17 14:41:50.977864

--- 测试简单视频编码 ---
测试视频成功！大小: 2339 字节

--- 编码主视频 ---
  视频时长: 29.38
  视频是否有音频: True
  输出路径: C:\Users\23576\AppData\Local\Temp\ppt2video_test_yj0u7ma0\test_output.mp4
  输出路径可写性测试通过
  视频文件写入完成 (直接日志)
  完成时间: 2025-12-17 14:42:23.432753
=== 视频生成开始 (直接日志) ===
当前时间: 2025-12-17 14:46:24.848873
图片数量: 3
音频数量: 3
输出路径: C:\Users\23576\AppData\Local\Temp\tmpxjck2ozi\video_1765953983.mp4
当前工作目录: C:\Users\23576\Desktop\demo
Python版本: 3.14.0 (tags/v3.14.0:ebf955d, Oct  7 2025, 10:15:03) [MSC v.1944 64 bit (AMD64)]
=== 开始视频编码 (直接日志) ===
  输出路径: C:\Users\23576\AppData\Local\Temp\tmpxjck2ozi\video_1765953983.mp4
  开始编码时间: 2025-12-17 14:46:26.404175

--- 测试简单视频编码 ---
测试视频成功！大小: 2339 字节

--- 编码主视频 ---
  视频时长: 24.27
  视频是否有音频: True
  输出路径: C:\Users\23576\AppData\Local\Temp\tmpxjck2ozi\video_1765953983.mp4
  输出路径可写性测试通过
  视频文件写入完成 (直接日志)
  完成时间: 2025-12-17 14:47:37.422678
=== 视频生成开始 (直接日志) ===
当前时间: 2025-12-17 15:10:00.942804
图片数量: 3
音频数量: 3
输出路径: C:\Users\23576\AppData\Local\Temp\tmpfg1gq9iy\video_1765955399.mp4
当前工作目录: C:\Users\23576\Desktop\demo
Python版本: 3.14.0 (tags/v3.14.0:ebf955d, Oct  7 2025, 10:15:03) [MSC v.1944 64 bit (AMD64)]
=== 开始视频编码 (直接日志) ===
  输出路径: C:\Users\23576\AppData\Local\Temp\tmpfg1gq9iy\video_1765955399.mp4
  开始编码时间: 2025-12-17 15:10:02.463126

--- 编码主视频 ---
  视频时长: 24.27
  视频是否有音频: True
  输出路径: C:\Users\23576\AppData\Local\Temp\tmpfg1gq9iy\video_1765955399.mp4
  输出路径可写性测试通过
  视频文件写入完成 (直接日志)
  完成时间: 2025-12-17 15:11:16.782810
=== 视频生成开始 (直接日志) ===
当前时间: 2025-12-17 15:12:27.011431
图片数量: 3
音频数量: 3
输出路径: C:\Users\23576\AppData\Local\Temp\tmp902wmz76\video_1765955545.mp4
当前工作目录: C:\Users\23576\Desktop\demo
Python版本: 3.14.0 (tags/v3.14.0:ebf955d, Oct  7 2025, 10:15:03) [MSC v.1944 64 bit (AMD64)]
=== 开始视频编码 (直接日志) ===
  输出路径: C:\Users\23576\AppData\Local\Temp\tmp902wmz76\video_1765955545.mp4
  开始编码时间: 2025-12-17 15:12:28.450732

--- 编码主视频 ---
  视频时长: 24.27
  视频是否有音频: True
  输出路径: C:\Users\23576\AppData\Local\Temp\tmp902wmz76\video_1765955545.mp4
  输出路径可写性测试通过
  视频文件写入完成 (直接日志)
  完成时间: 2025-12-17 15:13:34.917363
=== 视频生成开始 (直接日志) ===
当前时间: 2025-12-17 16:44:56.979094
图片数量: 7
音频数量: 7
输出路径: C:\Users\23576\AppData\Local\Temp\tmpz7_5cra6\video_1765961090.mp4
当前工作目录: C:\Users\23576\Desktop\demo
Python版本: 3.14.0 (tags/v3.14.0:ebf955d, Oct  7 2025, 10:15:03) [MSC v.1944 64 bit (AMD64)]
=== 开始视频编码 (直接日志) ===
  输出路径: C:\Users\23576\AppData\Local\Temp\tmpz7_5cra6\video_1765961090.mp4
  开始编码时间: 2025-12-17 16:45:01.113109

--- 编码主视频 ---
  视频时长: 240.10999999999999
  视频是否有音频: True
  输出路径: C:\Users\23576\AppData\Local\Temp\tmpz7_5cra6\video_1765961090.mp4
  输出路径可写性测试通过
  视频文件写入完成 (直接日志)
  完成时间: 2025-12-17 16:55:09.268319
=== 视频生成开始 (直接日志) ===
当前时间: 2025-12-17 17:18:24.846430
图片数量: 3
音频数量: 3
输出路径: C:\Users\23576\AppData\Local\Temp\tmpsjf8sibe\video_1765963103.mp4
=== 视频生成开始 (直接日志) ===
当前时间: 2025-12-17 17:19:27.929368
图片数量: 7
音频数量: 7
输出路径: C:\Users\23576\AppData\Local\Temp\tmpi5tl08wn\video_1765963161.mp4
=== 视频生成开始 (直接日志) ===
当前时间: 2025-12-17 17:30:19.423448
图片数量: 7
音频数量: 7
输出路径: C:\Users\23576\AppData\Local\Temp\tmp7xkz1h86\video_1765963816.mp4
当前工作目录: C:\Users\23576\Desktop\demo
Python版本: 3.14.0 (tags/v3.14.0:ebf955d, Oct  7 2025, 10:15:03) [MSC v.1944 64 bit (AMD64)]
=== 开始视频编码 (直接日志) ===
  输出路径: C:\Users\23576\AppData\Local\Temp\tmp7xkz1h86\video_1765963816.mp4
  开始编码时间: 2025-12-17 17:30:21.018178

--- 编码主视频 ---
  视频时长: 240.10999999999999
  视频是否有音频: True
  输出路径: C:\Users\23576\AppData\Local\Temp\tmp7xkz1h86\video_1765963816.mp4
  输出路径可写性测试通过
=== 视频生成开始 (直接日志) ===
当前时间: 2025-12-17 17:37:12.546406
图片数量: 7
音频数量: 7
输出路径: C:\Users\23576\AppData\Local\Temp\tmpg5e2am67\video_1765964229.mp4
当前工作目录: C:\Users\23576\Desktop\demo
Python版本: 3.14.0 (tags/v3.14.0:ebf955d, Oct  7 2025, 10:15:03) [MSC v.1944 64 bit (AMD64)]
  总共有 7 个有效片段
  合并视频片段...
  合并完成，开始编码视频...
  合并后的视频时长: 240.10999999999999
  视频是否有音频: True
=== 开始视频编码 (直接日志) ===
  输出路径: C:\Users\23576\AppData\Local\Temp\tmpg5e2am67\video_1765964229.mp4
  开始编码时间: 2025-12-17 17:37:14.036931

--- 编码主视频 ---
  视频时长: 240.10999999999999
  视频是否有音频: True
  输出路径: C:\Users\23576\AppData\Local\Temp\tmpg5e2am67\video_1765964229.mp4
  输出路径可写性测试通过
  设置编码超时时间: 1800秒
  启动编码线程...
  编码线程异常: got an unexpected keyword argument 'verbose'
[错误] 使用FFmpeg编码失败: got an unexpected keyword argument 'verbose'
=== 视频生成开始 (直接日志) ===
当前时间: 2025-12-17 17:44:32.247579
图片数量: 7
音频数量: 7
输出路径: C:\Users\23576\AppData\Local\Temp\tmp4v8498h1\video_1765964669.mp4
当前工作目录: C:\Users\23576\Desktop\demo
Python版本: 3.14.0 (tags/v3.14.0:ebf955d, Oct  7 2025, 10:15:03) [MSC v.1944 64 bit (AMD64)]
  总共有 7 个有效片段
  合并视频片段...
  合并完成，开始编码视频...
  合并后的视频时长: 240.10999999999999
  视频是否有音频: True
=== 开始视频编码 (直接日志) ===
  输出路径: C:\Users\23576\AppData\Local\Temp\tmp4v8498h1\video_1765964669.mp4
  开始编码时间: 2025-12-17 17:44:33.745535

--- 编码主视频 ---
  视频时长: 240.10999999999999
  视频是否有音频: True
  输出路径: C:\Users\23576\AppData\Local\Temp\tmp4v8498h1\video_1765964669.mp4
  输出路径可写性测试通过
  设置编码超时时间: 1800秒
  启动编码线程...
  编码线程完成
  编码完成，未超时
  视频文件写入完成 (直接日志)
  完成时间: 2025-12-17 17:49:00.056762
  文件已强制写入磁盘
=== 视频生成开始 (直接日志) ===
当前时间: 2025-12-17 17:50:03.213862
图片数量: 7
音频数量: 7
输出路径: C:\Users\23576\AppData\Local\Temp\tmp6twryesa\video_1765964999.mp4
当前工作目录: C:\Users\23576\Desktop\demo
Python版本: 3.14.0 (tags/v3.14.0:ebf955d, Oct  7 2025, 10:15:03) [MSC v.1944 64 bit (AMD64)]
  总共有 7 个有效片段
  合并视频片段...
  合并完成，开始编码视频...
  合并后的视频时长: 240.10999999999999
  视频是否有音频: True
=== 开始视频编码 (直接日志) ===
  输出路径: C:\Users\23576\AppData\Local\Temp\tmp6twryesa\video_1765964999.mp4
  开始编码时间: 2025-12-17 17:50:04.714257

--- 编码主视频 ---
  视频时长: 240.10999999999999
  视频是否有音频: True
  输出路径: C:\Users\23576\AppData\Local\Temp\tmp6twryesa\video_1765964999.mp4
  输出路径可写性测试通过
  设置编码超时时间: 1800秒
  启动编码线程...
=== 视频生成开始 (直接日志) ===
当前时间: 2025-12-17 22:21:01.040871
图片数量: 7
音频数量: 7
输出路径: C:\Users\23576\AppData\Local\Temp\tmpwelhe29g\video_1765981256.mp4
当前工作目录: C:\Users\23576\Desktop\demo
Python版本: 3.14.0 (tags/v3.14.0:ebf955d, Oct  7 2025, 10:15:03) [MSC v.1944 64 bit (AMD64)]
  总共有 7 个有效片段
  合并视频片段...
  片段1是否有音频: True
    片段音频时长: 9.9
  片段2是否有音频: True
    片段音频时长: 33.0
  片段3是否有音频: True
    片段音频时长: 33.0
  片段4是否有音频: True
    片段音频时长: 33.0
  片段5是否有音频: True
    片段音频时长: 33.0
  片段6是否有音频: True
    片段音频时长: 33.0
  片段7是否有音频: True
    片段音频时长: 3.3
  合并完成，开始编码视频...
  合并后的视频时长: 181.70000000000002
  视频是否有音频: True
=== 开始视频编码 (直接日志) ===
  输出路径: C:\Users\23576\AppData\Local\Temp\tmpwelhe29g\video_1765981256.mp4
  开始编码时间: 2025-12-17 22:21:02.636469

--- 编码主视频 ---
  视频时长: 181.70000000000002
  视频是否有音频: True
  输出路径: C:\Users\23576\AppData\Local\Temp\tmpwelhe29g\video_1765981256.mp4
  输出路径可写性测试通过
  设置编码超时时间: 1800秒
  启动编码线程...
  编码前视频是否有音频: True
  音频时长: 181.70000000000002
  音频采样率: 44100
  音频通道数: 2
  最终视频是否有音频: True
  音频时长: 181.70000000000002
  音频采样率: 44100
  音频通道数: 2
  编码线程完成
  使用ffprobe检查视频音频流...
  ffprobe检查失败: [WinError 2] 系统找不到指定的文件。
  编码线程执行成功
视频生成完成，输出路径: C:\Users\23576\AppData\Local\Temp\tmpwelhe29g\video_1765981256.mp4
=== 视频生成开始 (直接日志) ===
当前时间: 2025-12-17 23:01:12.009104
图片数量: 7
音频数量: 7
输出路径: C:\Users\23576\AppData\Local\Temp\tmp4ww916om\video_1765983665.mp4
当前工作目录: C:\Users\23576\Desktop\demo
Python版本: 3.14.0 (tags/v3.14.0:ebf955d, Oct  7 2025, 10:15:03) [MSC v.1944 64 bit (AMD64)]
  总共有 7 个有效片段
  合并视频片段...
  片段1是否有音频: True
    片段音频时长: 7.78
  片段2是否有音频: True
    片段音频时长: 24.27
  片段3是否有音频: True
    片段音频时长: 25.29
  片段4是否有音频: True
    片段音频时长: 24.04
  片段5是否有音频: True
    片段音频时长: 25.58
  片段6是否有音频: True
    片段音频时长: 24.2
  片段7是否有音频: True
    片段音频时长: 2.87
  合并完成，开始编码视频...
  合并后的视频时长: 137.53
  视频是否有音频: True
=== 开始视频编码 (直接日志) ===
  输出路径: C:\Users\23576\AppData\Local\Temp\tmp4ww916om\video_1765983665.mp4
  开始编码时间: 2025-12-17 23:01:13.367699

--- 编码主视频 ---
  视频时长: 137.53
  视频是否有音频: True
  输出路径: C:\Users\23576\AppData\Local\Temp\tmp4ww916om\video_1765983665.mp4
  输出路径可写性测试通过
  设置编码超时时间: 1375.3秒
  启动编码线程...
  编码前视频是否有音频: True
  音频时长: 137.53
  音频采样率: 44100
  音频通道数: 2
  最终视频是否有音频: True
  音频时长: 137.53
  音频采样率: 44100
  音频通道数: 2
  编码线程完成
  使用ffprobe检查视频音频流...
  ffprobe检查失败: [WinError 2] 系统找不到指定的文件。
  编码线程执行成功
视频生成完成，输出路径: C:\Users\23576\AppData\Local\Temp\tmp4ww916om\video_1765983665.mp4
=== 视频生成开始 (直接日志) ===
当前时间: 2025-12-18 20:52:05.696206
图片数量: 3
音频数量: 3
输出路径: C:\Users\23576\AppData\Local\Temp\tmpo3h2s39k\video_1766062310.mp4
当前工作目录: C:\Users\23576\Desktop\demo
Python版本: 3.14.0 (tags/v3.14.0:ebf955d, Oct  7 2025, 10:15:03) [MSC v.1944 64 bit (AMD64)]
  总共有 3 个有效片段
  合并视频片段...
  片段1是否有音频: True
    片段音频时长: 5.54
  片段2是否有音频: True
    片段音频时长: 4.99
  片段3是否有音频: True
    片段音频时长: 8.27
  合并完成，开始编码视频...
  合并后的视频时长: 20.3
  视频是否有音频: True
=== 开始视频编码 (直接日志) ===
  输出路径: C:\Users\23576\AppData\Local\Temp\tmpo3h2s39k\video_1766062310.mp4
  开始编码时间: 2025-12-18 20:52:07.418015

--- 编码主视频 ---
  视频时长: 20.3
  视频是否有音频: True
  输出路径: C:\Users\23576\AppData\Local\Temp\tmpo3h2s39k\video_1766062310.mp4
  输出路径可写性测试通过
  设置编码超时时间: 203.0秒
  启动编码线程...
  编码前视频是否有音频: True
  音频时长: 20.3
  音频采样率: 44100
  音频通道数: 2
  最终视频是否有音频: True
  音频时长: 20.3
  音频采样率: 44100
  音频通道数: 2
  编码线程完成
  使用ffprobe检查视频音频流...
  ffprobe检查失败: [WinError 2] 系统找不到指定的文件。
  编码线程执行成功
视频生成完成，输出路径: C:\Users\23576\AppData\Local\Temp\tmpo3h2s39k\video_1766062310.mp4
=== 视频生成开始 (直接日志) ===
当前时间: 2025-12-18 20:58:08.402115
图片数量: 7
音频数量: 7
输出路径: C:\Users\23576\AppData\Local\Temp\tmpp_mlaj2i\video_1766062676.mp4
当前工作目录: C:\Users\23576\Desktop\demo
Python版本: 3.14.0 (tags/v3.14.0:ebf955d, Oct  7 2025, 10:15:03) [MSC v.1944 64 bit (AMD64)]
  总共有 7 个有效片段
  合并视频片段...
  片段1是否有音频: True
    片段音频时长: 7.78
  片段2是否有音频: True
    片段音频时长: 24.27
  片段3是否有音频: True
    片段音频时长: 25.29
  片段4是否有音频: True
    片段音频时长: 24.04
  片段5是否有音频: True
    片段音频时长: 25.58
  片段6是否有音频: True
    片段音频时长: 24.2
  片段7是否有音频: True
    片段音频时长: 2.87
  合并完成，开始编码视频...
  合并后的视频时长: 137.53
  视频是否有音频: True
=== 开始视频编码 (直接日志) ===
  输出路径: C:\Users\23576\AppData\Local\Temp\tmpp_mlaj2i\video_1766062676.mp4
  开始编码时间: 2025-12-18 20:58:09.642020

--- 编码主视频 ---
  视频时长: 137.53
  视频是否有音频: True
  输出路径: C:\Users\23576\AppData\Local\Temp\tmpp_mlaj2i\video_1766062676.mp4
  输出路径可写性测试通过
  设置编码超时时间: 1375.3秒
  启动编码线程...
  编码前视频是否有音频: True
  音频时长: 137.53
  音频采样率: 44100
  音频通道数: 2
  最终视频是否有音频: True
  音频时长: 137.53
  音频采样率: 44100
  音频通道数: 2
  编码线程完成
  使用ffprobe检查视频音频流...
  ffprobe检查失败: [WinError 2] 系统找不到指定的文件。
  编码线程执行成功
视频生成完成，输出路径: C:\Users\23576\AppData\Local\Temp\tmpp_mlaj2i\video_1766062676.mp4
=== 视频生成开始 (直接日志) ===
当前时间: 2025-12-18 21:28:49.635330
图片数量: 7
音频数量: 7
输出路径: C:\Users\23576\AppData\Local\Temp\tmpdo_63nte\video_1766064514.mp4
当前工作目录: C:\Users\23576\Desktop\demo
Python版本: 3.14.0 (tags/v3.14.0:ebf955d, Oct  7 2025, 10:15:03) [MSC v.1944 64 bit (AMD64)]
  总共有 7 个有效片段
  合并视频片段...
  片段1是否有音频: True
    片段音频时长: 5.61
  片段2是否有音频: True
    片段音频时长: 17.49
  片段3是否有音频: True
    片段音频时长: 18.22
  片段4是否有音频: True
    片段音频时长: 17.33
  片段5是否有音频: True
    片段音频时长: 18.44
  片段6是否有音频: True
    片段音频时长: 17.44
  片段7是否有音频: True
    片段音频时长: 2.08
  合并完成，开始编码视频...
  合并后的视频时长: 96.60999999999999
  视频是否有音频: True
=== 开始视频编码 (直接日志) ===
  输出路径: C:\Users\23576\AppData\Local\Temp\tmpdo_63nte\video_1766064514.mp4
  开始编码时间: 2025-12-18 21:28:53.225257

--- 编码主视频 ---
  视频时长: 96.60999999999999
  视频是否有音频: True
  输出路径: C:\Users\23576\AppData\Local\Temp\tmpdo_63nte\video_1766064514.mp4
  输出路径可写性测试通过
  设置编码超时时间: 966.0999999999999秒
  启动编码线程...
  编码前视频是否有音频: True
  音频时长: 96.60999999999999
  音频采样率: 44100
  音频通道数: 2
  最终视频是否有音频: True
  音频时长: 96.60999999999999
  音频采样率: 44100
  音频通道数: 2
  编码线程完成
  使用ffprobe检查视频音频流...
  ffprobe检查失败: [WinError 2] 系统找不到指定的文件。
  编码线程执行成功
视频生成完成，输出路径: C:\Users\23576\AppData\Local\Temp\tmpdo_63nte\video_1766064514.mp4
